shared/build/intermediates/manifest_merge_blame_file/debug/processDebugManifest/manifest-merger-blame-debug-report.txt
1<?xml version="1.0" encoding="utf-8"?>
2<manifest xmlns:android="http://schemas.android.com/apk/res/android"
3    package="com.example.quranplayer.shared" >
4
5    <uses-sdk android:minSdkVersion="28" />
6
7    <uses-permission android:name="android.permission.FOREGROUND_SERVICE" />
7-->src\main\AndroidManifest.xml:2:5-76
7-->src\main\AndroidManifest.xml:2:22-74
8    <uses-permission android:name="android.permission.FOREGROUND_SERVICE_MEDIA_PLAYBACK" />
8-->src\main\AndroidManifest.xml:3:5-92
8-->src\main\AndroidManifest.xml:3:22-89
9
10    <application android:appCategory="audio" >
10-->src\main\AndroidManifest.xml:5:5-23:19
10-->src\main\AndroidManifest.xml:5:18-45
11
12        <!--
13            <meta-data
14            android:name="com.google.android.gms.car.application"
15            android:resource="@xml/automotive_app_desc" />
16        -->
17
18
19        <!--
20         Main music service, provides media browsing and media playback services to
21         consumers through MediaBrowserService and MediaSession. Consumers connect to it through
22         MediaBrowser (for browsing) and MediaController (for playback control)
23        -->
24        <service
24-->src\main\AndroidManifest.xml:15:9-22:19
25            android:name="com.EarthCustodian.quranplayer.shared.MyMusicService"
25-->src\main\AndroidManifest.xml:16:13-80
26            android:exported="true"
26-->src\main\AndroidManifest.xml:18:13-36
27            android:foregroundServiceType="mediaPlayback" >
27-->src\main\AndroidManifest.xml:17:13-58
28            <intent-filter>
28-->src\main\AndroidManifest.xml:19:13-21:29
29                <action android:name="android.media.browse.MediaBrowserService" />
29-->src\main\AndroidManifest.xml:20:17-82
29-->src\main\AndroidManifest.xml:20:25-80
30            </intent-filter>
31        </service>
32    </application>
33
34</manifest>